kotlin version: 2.0.21
error message: org.jetbrains.kotlin.util.KotlinFrontEndException: Front-end Internal error: Failed to analyze declaration Application_conventions_gradle
File being compiled: (1,1) in /Users/wunde/Documents/GitHub/wonderwander/buildSrc/src/main/kotlin/application-conventions.gradle.kts
The root cause org.jetbrains.kotlin.resolve.lazy.NoDescriptorForDeclarationException was thrown at: org.jetbrains.kotlin.resolve.lazy.BasicAbsentDescriptorHandler.diagnoseDescriptorNotFound(AbsentDescriptorHandler.kt:18)
	at org.jetbrains.kotlin.resolve.ExceptionWrappingKtVisitorVoid.visitDeclaration(ExceptionWrappingKtVisitorVoid.kt:31)
	at org.jetbrains.kotlin.psi.KtVisitorVoid.visitDeclaration(KtVisitorVoid.java:461)
	at org.jetbrains.kotlin.psi.KtVisitorVoid.visitDeclaration(KtVisitorVoid.java:21)
	at org.jetbrains.kotlin.psi.KtVisitor.visitScript(KtVisitor.java:88)
	at org.jetbrains.kotlin.psi.KtVisitorVoid.visitScript(KtVisitorVoid.java:73)
	at org.jetbrains.kotlin.psi.KtVisitorVoid.visitScript(KtVisitorVoid.java:527)
	at org.jetbrains.kotlin.psi.KtVisitorVoid.visitScript(KtVisitorVoid.java:21)
	at org.jetbrains.kotlin.psi.KtScript.accept(KtScript.java:69)
	at org.jetbrains.kotlin.psi.KtElementImplStub.accept(KtElementImplStub.java:49)
	at org.jetbrains.kotlin.resolve.LazyTopDownAnalyzer$analyzeDeclarations$1.registerDeclarations(LazyTopDownAnalyzer.kt:80)
	at org.jetbrains.kotlin.resolve.LazyTopDownAnalyzer$analyzeDeclarations$1.visitKtFile(LazyTopDownAnalyzer.kt:98)
	at org.jetbrains.kotlin.psi.KtVisitorVoid.visitKtFile(KtVisitorVoid.java:521)
	at org.jetbrains.kotlin.psi.KtVisitorVoid.visitKtFile(KtVisitorVoid.java:21)
	at org.jetbrains.kotlin.psi.KtFile.accept(KtFile.kt:41)
	at org.jetbrains.kotlin.psi.KtCommonFile.accept(KtCommonFile.kt:244)
	at org.jetbrains.kotlin.resolve.ExceptionWrappingKtVisitorVoid.visitElement(ExceptionWrappingKtVisitorVoid.kt:16)
	at org.jetbrains.kotlin.com.intellij.psi.PsiElementVisitor.visitFile(PsiElementVisitor.java:51)
	at org.jetbrains.kotlin.psi.KtVisitor.visitKtFile(KtVisitor.java:73)
	at org.jetbrains.kotlin.psi.KtVisitorVoid.visitKtFile(KtVisitorVoid.java:69)
	at org.jetbrains.kotlin.psi.KtVisitorVoid.visitKtFile(KtVisitorVoid.java:521)
	at org.jetbrains.kotlin.psi.KtVisitorVoid.visitKtFile(KtVisitorVoid.java:21)
	at org.jetbrains.kotlin.psi.KtFile.accept(KtFile.kt:41)
	at org.jetbrains.kotlin.psi.KtCommonFile.accept(KtCommonFile.kt:244)
	at org.jetbrains.kotlin.resolve.LazyTopDownAnalyzer.analyzeDeclarations(LazyTopDownAnalyzer.kt:203)
	at org.jetbrains.kotlin.resolve.LazyTopDownAnalyzer.analyzeDeclarations$default(LazyTopDownAnalyzer.kt:58)
	at org.jetbrains.kotlin.cli.jvm.compiler.TopDownAnalyzerFacadeForJVM.analyzeFilesWithJavaIntegration(TopDownAnalyzerFacadeForJVM.kt:119)
	at org.jetbrains.kotlin.cli.jvm.compiler.TopDownAnalyzerFacadeForJVM.analyzeFilesWithJavaIntegration$default(TopDownAnalyzerFacadeForJVM.kt:75)
	at org.jetbrains.kotlin.cli.jvm.compiler.KotlinToJVMBytecodeCompiler.analyze$lambda$12(KotlinToJVMBytecodeCompiler.kt:373)
	at org.jetbrains.kotlin.cli.common.messages.AnalyzerWithCompilerReport.analyzeAndReport(AnalyzerWithCompilerReport.kt:112)
	at org.jetbrains.kotlin.cli.jvm.compiler.KotlinToJVMBytecodeCompiler.analyze(KotlinToJVMBytecodeCompiler.kt:364)
	at org.jetbrains.kotlin.cli.jvm.compiler.KotlinToJVMBytecodeCompiler.runFrontendAndGenerateIrUsingClassicFrontend(KotlinToJVMBytecodeCompiler.kt:195)
	at org.jetbrains.kotlin.cli.jvm.compiler.KotlinToJVMBytecodeCompiler.compileModules$cli(KotlinToJVMBytecodeCompiler.kt:106)
	at org.jetbrains.kotlin.cli.jvm.K2JVMCompiler.doExecute(K2JVMCompiler.kt:170)
	at org.jetbrains.kotlin.cli.jvm.K2JVMCompiler.doExecute(K2JVMCompiler.kt:43)
	at org.jetbrains.kotlin.cli.common.CLICompiler.execImpl(CLICompiler.kt:103)
	at org.jetbrains.kotlin.cli.common.CLICompiler.execImpl(CLICompiler.kt:49)
	at org.jetbrains.kotlin.cli.common.CLITool.exec(CLITool.kt:101)
	at org.jetbrains.kotlin.incremental.IncrementalJvmCompilerRunner.runCompiler(IncrementalJvmCompilerRunner.kt:464)
	at org.jetbrains.kotlin.incremental.IncrementalJvmCompilerRunner.runCompiler(IncrementalJvmCompilerRunner.kt:73)
	at org.jetbrains.kotlin.incremental.IncrementalCompilerRunner.doCompile(IncrementalCompilerRunner.kt:506)
	at org.jetbrains.kotlin.incremental.IncrementalCompilerRunner.compileImpl(IncrementalCompilerRunner.kt:423)
	at org.jetbrains.kotlin.incremental.IncrementalCompilerRunner.compileNonIncrementally(IncrementalCompilerRunner.kt:301)
	at org.jetbrains.kotlin.incremental.IncrementalCompilerRunner.compile(IncrementalCompilerRunner.kt:129)
	at org.jetbrains.kotlin.daemon.CompileServiceImplBase.execIncrementalCompiler(CompileServiceImpl.kt:675)
	at org.jetbrains.kotlin.daemon.CompileServiceImplBase.access$execIncrementalCompiler(CompileServiceImpl.kt:92)
	at org.jetbrains.kotlin.daemon.CompileServiceImpl.compile(CompileServiceImpl.kt:1660)
	at java.base/jdk.internal.reflect.DirectMethodHandleAccessor.invoke(DirectMethodHandleAccessor.java:103)
	at java.base/java.lang.reflect.Method.invoke(Method.java:580)
	at java.rmi/sun.rmi.server.UnicastServerRef.dispatch(UnicastServerRef.java:360)
	at java.rmi/sun.rmi.transport.Transport$1.run(Transport.java:200)
	at java.rmi/sun.rmi.transport.Transport$1.run(Transport.java:197)
	at java.base/java.security.AccessController.doPrivileged(AccessController.java:714)
	at java.rmi/sun.rmi.transport.Transport.serviceCall(Transport.java:196)
	at java.rmi/sun.rmi.transport.tcp.TCPTransport.handleMessages(TCPTransport.java:598)
	at java.rmi/sun.rmi.transport.tcp.TCPTransport$ConnectionHandler.run0(TCPTransport.java:844)
	at java.rmi/sun.rmi.transport.tcp.TCPTransport$ConnectionHandler.lambda$run$0(TCPTransport.java:721)
	at java.base/java.security.AccessController.doPrivileged(AccessController.java:400)
	at java.rmi/sun.rmi.transport.tcp.TCPTransport$ConnectionHandler.run(TCPTransport.java:720)
	at java.base/java.util.concurrent.ThreadPoolExecutor.runWorker(ThreadPoolExecutor.java:1144)
	at java.base/java.util.concurrent.ThreadPoolExecutor$Worker.run(ThreadPoolExecutor.java:642)
	at java.base/java.lang.Thread.run(Thread.java:1583)
Caused by: org.jetbrains.kotlin.resolve.lazy.NoDescriptorForDeclarationException: Descriptor wasn't found for declaration SCRIPT
	at org.jetbrains.kotlin.resolve.lazy.BasicAbsentDescriptorHandler.diagnoseDescriptorNotFound(AbsentDescriptorHandler.kt:18)
	at org.jetbrains.kotlin.resolve.lazy.BasicAbsentDescriptorHandler.diagnoseDescriptorNotFound(AbsentDescriptorHandler.kt:17)
	at org.jetbrains.kotlin.resolve.lazy.LazyDeclarationResolver.findClassDescriptor(LazyDeclarationResolver.kt:88)
	at org.jetbrains.kotlin.resolve.lazy.LazyDeclarationResolver.getScriptDescriptor(LazyDeclarationResolver.kt:65)
	at org.jetbrains.kotlin.resolve.LazyTopDownAnalyzer$analyzeDeclarations$1.visitScript(LazyTopDownAnalyzer.kt:91)
	at org.jetbrains.kotlin.psi.KtVisitorVoid.visitScript(KtVisitorVoid.java:527)
	at org.jetbrains.kotlin.psi.KtVisitorVoid.visitScript(KtVisitorVoid.java:21)
	at org.jetbrains.kotlin.psi.KtScript.accept(KtScript.java:69)
	at org.jetbrains.kotlin.psi.KtElementImplStub.accept(KtElementImplStub.java:49)
	at org.jetbrains.kotlin.resolve.ExceptionWrappingKtVisitorVoid.visitDeclaration(ExceptionWrappingKtVisitorVoid.kt:21)
	... 60 more


